<?xml version="1.0" encoding="UTF-8"?>
<!-- Generated by org.testng.reporters.JUnitXMLReporter -->
<testsuite ignored="0" hostname="LAPTOP-DFLE6454" failures="1" tests="1" name="login test" time="5.359" errors="0" timestamp="2022-06-18T18:20:35 IST">
  <testcase classname="TestCase.LoginTest" name="logintestwithvalidcredentials" time="0.74">
    <failure type="java.lang.AssertionError" message="expected [true] but found [false]">
      <![CDATA[java.lang.AssertionError: expected [true] but found [false]
at TestCase.LoginTest.logintestwithvalidcredentials(LoginTest.java:53)
at java.base/java.util.ArrayList.forEach(ArrayList.java:1511)
... Removed 31 stack frames]]>
    </failure>
  </testcase> <!-- logintestwithvalidcredentials -->
</testsuite> <!-- login test -->
