<?xml version="1.0" encoding="UTF-8"?>
<!-- Generated by org.testng.reporters.JUnitXMLReporter -->
<testsuite ignored="0" hostname="LAPTOP-DFLE6454" failures="1" tests="6" name="Test" time="18.143" errors="0" timestamp="2022-06-05T14:05:20 IST">
  <testcase classname="login.LoginWithMultipleData_usingDataProviderTest" name="loginTest" time="0.942"/>
  <testcase classname="login.LoginWithMultipleData_usingDataProviderTest" name="loginTest" time="0.916"/>
  <testcase classname="login.LoginWithMultipleData_usingDataProviderTest" name="loginTest" time="0.901"/>
  <testcase classname="login.LoginWithMultipleData_usingDataProviderTest" name="loginTest" time="0.939"/>
  <testcase classname="login.LoginWithMultipleData_usingDataProviderTest" name="loginTest" time="0.824">
    <failure type="java.lang.AssertionError" message="expected [Pass] but found [Fail]">
      <![CDATA[java.lang.AssertionError: expected [Pass] but found [Fail]
at login.LoginWithMultipleData_usingDataProviderTest.loginTest(LoginWithMultipleData_usingDataProviderTest.java:70)
at java.base/java.util.ArrayList.forEach(ArrayList.java:1511)
... Removed 33 stack frames]]>
    </failure>
  </testcase> <!-- loginTest -->
  <testcase classname="login.LoginTest" name="logintestwithvalidcredentials" time="2.551"/>
</testsuite> <!-- Test -->
