<?xml version="1.0" encoding="UTF-8"?>
<testng-results ignored="0" total="1" passed="1" failed="0" skipped="0">
  <reporter-output>
  </reporter-output>
  <suite started-at="2022-07-11T23:17:09 IST" name="Default suite" finished-at="2022-07-11T23:17:18 IST" duration-ms="8809">
    <groups>
    </groups>
    <test started-at="2022-07-11T23:17:09 IST" name="Default test" finished-at="2022-07-11T23:17:18 IST" duration-ms="8809">
      <class name="TestCase.Check_Out">
        <test-method is-config="true" signature="setup()[pri:0, instance:TestCase.Check_Out@6cf0e0ba]" started-at="2022-07-11T23:17:09 IST" name="setup" finished-at="2022-07-11T23:17:18 IST" duration-ms="8732" status="PASS">
          <reporter-output>
          </reporter-output>
        </test-method> <!-- setup -->
        <test-method signature="checkOut()[pri:0, instance:TestCase.Check_Out@6cf0e0ba]" started-at="2022-07-11T23:17:18 IST" name="checkOut" finished-at="2022-07-11T23:17:18 IST" duration-ms="6" status="PASS">
          <reporter-output>
          </reporter-output>
        </test-method> <!-- checkOut -->
      </class> <!-- TestCase.Check_Out -->
    </test> <!-- Default test -->
  </suite> <!-- Default suite -->
</testng-results>
